<?xml version="1.0" encoding="UTF-8"?>
<beans xmlns="http://www.springframework.org/schema/beans"
       xmlns:xsi="http://www.w3.org/2001/XMLSchema-instance"
       xsi:schemaLocation="http://www.springframework.org/schema/beans
           http://www.springframework.org/schema/beans/spring-beans-3.0.xsd">

    <bean id="DataSource" class="com.globati.config.TestProfile"></bean>
    <bean id="PropertiesService" class="com.globati.service.PropertiesService"></bean>
    <bean id="JwtService" class="com.globati.service.JwtService"></bean>
    <bean id="DynamoPropertyService" class="com.globati.service.dynamodb.DynamoPropertyService"></bean>
    <bean id="DynamoRecommendationService" class="com.globati.service.dynamodb.DynamoRecommendationService"></bean>
    <bean id="DynamoTourService" class="com.globati.service.dynamodb.DynamoTourService"></bean>

</beans>